<?xml version="1.0" encoding="UTF-8"?>
<testng-results ignored="0" total="1" passed="1" failed="0" skipped="0">
  <reporter-output>
  </reporter-output>
  <suite started-at="2023-06-12T18:55:31 BDT" name="Default suite" finished-at="2023-06-12T18:55:34 BDT" duration-ms="3155">
    <groups>
    </groups>
    <test started-at="2023-06-12T18:55:31 BDT" name="Default test" finished-at="2023-06-12T18:55:34 BDT" duration-ms="3155">
      <class name="tests.test_post_request">
        <test-method signature="testPostRequest()[pri:0, instance:tests.test_post_request@47af7f3d]" started-at="2023-06-12T18:55:31 BDT" name="testPostRequest" finished-at="2023-06-12T18:55:34 BDT" duration-ms="3115" status="PASS">
          <reporter-output>
          </reporter-output>
        </test-method> <!-- testPostRequest -->
      </class> <!-- tests.test_post_request -->
    </test> <!-- Default test -->
  </suite> <!-- Default suite -->
</testng-results>
